<?xml version="1.0" encoding="UTF-8"?>
<testng-results ignored="0" total="3" passed="3" failed="0" skipped="0">
  <reporter-output>
  </reporter-output>
  <suite started-at="2023-06-26T07:52:13 EET" name="Default suite" finished-at="2023-06-26T07:52:14 EET" duration-ms="408">
    <groups>
    </groups>
    <test started-at="2023-06-26T07:52:13 EET" name="Default test" finished-at="2023-06-26T07:52:14 EET" duration-ms="408">
      <class name="storedfunctionTesting.SFTesting">
        <test-method is-config="true" signature="setup()[pri:0, instance:storedfunctionTesting.SFTesting@771a660]" started-at="2023-06-26T07:52:14 EET" name="setup" finished-at="2023-06-26T07:52:14 EET" duration-ms="301" status="PASS">
          <reporter-output>
          </reporter-output>
        </test-method> <!-- setup -->
        <test-method signature="test_storedFunctionExists()[pri:1, instance:storedfunctionTesting.SFTesting@771a660]" started-at="2023-06-26T07:52:14 EET" name="test_storedFunctionExists" finished-at="2023-06-26T07:52:14 EET" duration-ms="31" status="PASS">
          <reporter-output>
          </reporter-output>
        </test-method> <!-- test_storedFunctionExists -->
        <test-method signature="test_CustomerLevel_with_SQLStatement()[pri:2, instance:storedfunctionTesting.SFTesting@771a660]" started-at="2023-06-26T07:52:14 EET" name="test_CustomerLevel_with_SQLStatement" finished-at="2023-06-26T07:52:14 EET" duration-ms="13" status="PASS">
          <reporter-output>
          </reporter-output>
        </test-method> <!-- test_CustomerLevel_with_SQLStatement -->
        <test-method signature="test_CustomerLevel_with_StoredProcedure()[pri:3, instance:storedfunctionTesting.SFTesting@771a660]" started-at="2023-06-26T07:52:14 EET" name="test_CustomerLevel_with_StoredProcedure" finished-at="2023-06-26T07:52:14 EET" duration-ms="21" status="PASS">
          <reporter-output>
          </reporter-output>
        </test-method> <!-- test_CustomerLevel_with_StoredProcedure -->
        <test-method is-config="true" signature="tearDown()[pri:0, instance:storedfunctionTesting.SFTesting@771a660]" started-at="2023-06-26T07:52:14 EET" name="tearDown" finished-at="2023-06-26T07:52:14 EET" duration-ms="1" status="PASS">
          <reporter-output>
          </reporter-output>
        </test-method> <!-- tearDown -->
      </class> <!-- storedfunctionTesting.SFTesting -->
    </test> <!-- Default test -->
  </suite> <!-- Default suite -->
</testng-results>
