<?xml version="1.0" encoding="UTF-8"?>
<!-- Generated by org.testng.reporters.JUnitXMLReporter -->
<testsuite ignored="0" hostname="KarimMahmoud" failures="0" tests="3" name="Default test" time="0.408" errors="0" timestamp="2023-06-26T07:52:14 EET">
  <testcase classname="storedfunctionTesting.SFTesting" name="test_storedFunctionExists" time="0.031"/>
  <testcase classname="storedfunctionTesting.SFTesting" name="test_CustomerLevel_with_SQLStatement" time="0.013"/>
  <testcase classname="storedfunctionTesting.SFTesting" name="test_CustomerLevel_with_StoredProcedure" time="0.021"/>
</testsuite> <!-- Default test -->
